2025-07-14T18:02:04.588+05:30  INFO 20004 --- [ToDoList] [main] c.ToDoList.ToDoList.ToDoListApplication  : Starting ToDoListApplication using Java 24 with PID 20004 (C:\Users\anura\IdeaProjects\ToDoList\ToDoList_backend\target\classes started by anura in C:\Users\anura\IdeaProjects\ToDoList\ToDoList_backend)
2025-07-14T18:02:04.599+05:30  INFO 20004 --- [ToDoList] [main] c.ToDoList.ToDoList.ToDoListApplication  : No active profile set, falling back to 1 default profile: "default"
2025-07-14T18:02:05.724+05:30  INFO 20004 --- [ToDoList] [main] .s.d.r.c.RepositoryConfigurationDelegate : Bootstrapping Spring Data JPA repositories in DEFAULT mode.
2025-07-14T18:02:05.832+05:30  INFO 20004 --- [ToDoList] [main] .s.d.r.c.RepositoryConfigurationDelegate : Finished Spring Data repository scanning in 83 ms. Found 1 JPA repository interface.
2025-07-14T18:02:06.709+05:30  INFO 20004 --- [ToDoList] [main] o.s.b.w.embedded.tomcat.TomcatWebServer  : Tomcat initialized with port 8080 (http)
2025-07-14T18:02:06.729+05:30  INFO 20004 --- [ToDoList] [main] o.apache.catalina.core.StandardService   : Starting service [Tomcat]
2025-07-14T18:02:06.730+05:30  INFO 20004 --- [ToDoList] [main] o.apache.catalina.core.StandardEngine    : Starting Servlet engine: [Apache Tomcat/10.1.42]
2025-07-14T18:02:06.813+05:30  INFO 20004 --- [ToDoList] [main] o.a.c.c.C.[Tomcat].[localhost].[/]       : Initializing Spring embedded WebApplicationContext
2025-07-14T18:02:06.814+05:30  INFO 20004 --- [ToDoList] [main] w.s.c.ServletWebServerApplicationContext : Root WebApplicationContext: initialization completed in 2119 ms
2025-07-14T18:02:07.125+05:30  INFO 20004 --- [ToDoList] [main] o.hibernate.jpa.internal.util.LogHelper  : HHH000204: Processing PersistenceUnitInfo [name: default]
2025-07-14T18:02:07.221+05:30  INFO 20004 --- [ToDoList] [main] org.hibernate.Version                    : HHH000412: Hibernate ORM core version 6.6.18.Final
2025-07-14T18:02:07.280+05:30  INFO 20004 --- [ToDoList] [main] o.h.c.internal.RegionFactoryInitiator    : HHH000026: Second-level cache disabled
2025-07-14T18:02:07.765+05:30  INFO 20004 --- [ToDoList] [main] o.s.o.j.p.SpringPersistenceUnitInfo      : No LoadTimeWeaver setup: ignoring JPA class transformer
2025-07-14T18:02:07.807+05:30  INFO 20004 --- [ToDoList] [main] com.zaxxer.hikari.HikariDataSource       : HikariPool-1 - Starting...
2025-07-14T18:02:08.191+05:30  INFO 20004 --- [ToDoList] [main] com.zaxxer.hikari.pool.HikariPool        : HikariPool-1 - Added connection org.postgresql.jdbc.PgConnection@5fd8dd66
2025-07-14T18:02:08.194+05:30  INFO 20004 --- [ToDoList] [main] com.zaxxer.hikari.HikariDataSource       : HikariPool-1 - Start completed.
2025-07-14T18:02:08.288+05:30  WARN 20004 --- [ToDoList] [main] org.hibernate.orm.deprecation            : HHH90000025: PostgreSQLDialect does not need to be specified explicitly using 'hibernate.dialect' (remove the property setting and it will be selected by default)
2025-07-14T18:02:08.335+05:30  INFO 20004 --- [ToDoList] [main] org.hibernate.orm.connections.pooling    : HHH10001005: Database info:
	Database JDBC URL [Connecting through datasource 'HikariDataSource (HikariPool-1)']
	Database driver: undefined/unknown
	Database version: 17.4
	Autocommit mode: undefined/unknown
	Isolation level: undefined/unknown
	Minimum pool size: undefined/unknown
	Maximum pool size: undefined/unknown
2025-07-14T18:02:09.481+05:30  INFO 20004 --- [ToDoList] [main] o.h.e.t.j.p.i.JtaPlatformInitiator       : HHH000489: No JTA platform available (set 'hibernate.transaction.jta.platform' to enable JTA platform integration)
2025-07-14T18:02:09.580+05:30  INFO 20004 --- [ToDoList] [main] j.LocalContainerEntityManagerFactoryBean : Initialized JPA EntityManagerFactory for persistence unit 'default'
2025-07-14T18:02:09.934+05:30  WARN 20004 --- [ToDoList] [main] JpaBaseConfiguration$JpaWebConfiguration : spring.jpa.open-in-view is enabled by default. Therefore, database queries may be performed during view rendering. Explicitly configure spring.jpa.open-in-view to disable this warning
2025-07-14T18:02:10.452+05:30  INFO 20004 --- [ToDoList] [main] o.s.b.w.embedded.tomcat.TomcatWebServer  : Tomcat started on port 8080 (http) with context path '/'
2025-07-14T18:02:10.464+05:30  INFO 20004 --- [ToDoList] [main] c.ToDoList.ToDoList.ToDoListApplication  : Started ToDoListApplication in 6.58 seconds (process running for 11.805)
2025-07-14T18:02:16.425+05:30  INFO 20004 --- [ToDoList] [http-nio-8080-exec-1] o.a.c.c.C.[Tomcat].[localhost].[/]       : Initializing Spring DispatcherServlet 'dispatcherServlet'
2025-07-14T18:02:16.426+05:30  INFO 20004 --- [ToDoList] [http-nio-8080-exec-1] o.s.web.servlet.DispatcherServlet        : Initializing Servlet 'dispatcherServlet'
2025-07-14T18:02:16.427+05:30  INFO 20004 --- [ToDoList] [http-nio-8080-exec-1] o.s.web.servlet.DispatcherServlet        : Completed initialization in 1 ms
2025-07-14T18:47:45.055+05:30  INFO 20004 --- [ToDoList] [SpringApplicationShutdownHook] o.s.b.w.e.tomcat.GracefulShutdown        : Commencing graceful shutdown. Waiting for active requests to complete
2025-07-14T18:47:45.076+05:30  INFO 20004 --- [ToDoList] [tomcat-shutdown] o.s.b.w.e.tomcat.GracefulShutdown        : Graceful shutdown complete
2025-07-14T18:47:45.087+05:30  INFO 20004 --- [ToDoList] [SpringApplicationShutdownHook] j.LocalContainerEntityManagerFactoryBean : Closing JPA EntityManagerFactory for persistence unit 'default'
2025-07-14T18:47:45.098+05:30  INFO 20004 --- [ToDoList] [SpringApplicationShutdownHook] com.zaxxer.hikari.HikariDataSource       : HikariPool-1 - Shutdown initiated...
2025-07-14T18:47:45.105+05:30  INFO 20004 --- [ToDoList] [SpringApplicationShutdownHook] com.zaxxer.hikari.HikariDataSource       : HikariPool-1 - Shutdown completed.
